# JRE version: OpenJDK Runtime Environment Temurin-25.0.3+9 (25.0.3+9) (build 25.0.3+9-LTS)
# Java VM: OpenJDK 64-Bit Server VM Temurin-25.0.3+9 (25.0.3+9-LTS, mixed mode, sharing, tiered, compressed oops, compressed class ptrs, g1 gc, bsd-aarch64)
GC Precious Log:
 CardTable entry size: 512
 Card Set container configuration: InlinePtr #cards 5 size 8 Array Of Cards #cards 10 size 36 Howl #buckets 4 coarsen threshold 1843 Howl Bitmap #cards 512 size 80 coarsen threshold 460 Card regions per heap region 1 cards per card region 2048
 CPUs: 18 total, 18 available
 Memory: 49152M
 Large Page Support: Disabled
 NUMA Support: Disabled
 Compressed Oops: Enabled (Zero based)
 Heap Region Size: 1M
 Heap Min Capacity: 8M
 Heap Initial Capacity: 768M
 Heap Max Capacity: 1G
 Pre-touch: Disabled
 Parallel Workers: 14
 Concurrent Workers: 4
 Concurrent Refinement Workers: 14
 Periodic GC: Disabled
Heap:
 garbage-first heap   total reserved 1048576K, committed 280576K, used 92269K [0x00000007c0000000, 0x0000000800000000)
  region size 1024K, 14 young (14336K), 1 survivors (1024K)
GC Heap Usage History (20 events):
Event: 9517.879 {heap Before GC invocations=48 (full 3):
 garbage-first heap   total reserved 1048576K, committed 280576K, used 246861K [0x00000007c0000000, 0x0000000800000000)
  region size 1024K, 164 young (167936K), 1 survivors (1024K)
}
Event: 9517.880 {heap After GC invocations=49 (full 3):
 garbage-first heap   total reserved 1048576K, committed 280576K, used 79953K [0x00000007c0000000, 0x0000000800000000)
  region size 1024K, 1 young (1024K), 1 survivors (1024K)
}
Event: 9755.244 {heap Before GC invocations=49 (full 3):
 garbage-first heap   total reserved 1048576K, committed 280576K, used 246865K [0x00000007c0000000, 0x0000000800000000)
  region size 1024K, 164 young (167936K), 1 survivors (1024K)
}
Event: 9755.245 {heap After GC invocations=50 (full 3):
 garbage-first heap   total reserved 1048576K, committed 280576K, used 79953K [0x00000007c0000000, 0x0000000800000000)
  region size 1024K, 1 young (1024K), 1 survivors (1024K)
}
Event: 9921.505 {heap Before GC invocations=50 (full 3):
 garbage-first heap   total reserved 1048576K, committed 280576K, used 246865K [0x00000007c0000000, 0x0000000800000000)
  region size 1024K, 164 young (167936K), 1 survivors (1024K)
}
Event: 9921.505 {heap After GC invocations=51 (full 3):
 garbage-first heap   total reserved 1048576K, committed 280576K, used 79949K [0x00000007c0000000, 0x0000000800000000)
  region size 1024K, 1 young (1024K), 1 survivors (1024K)
}
Event: 10065.234 {heap Before GC invocations=51 (full 3):
 garbage-first heap   total reserved 1048576K, committed 280576K, used 246861K [0x00000007c0000000, 0x0000000800000000)
  region size 1024K, 164 young (167936K), 1 survivors (1024K)
}
Event: 10065.234 {heap After GC invocations=52 (full 3):
 garbage-first heap   total reserved 1048576K, committed 280576K, used 79953K [0x00000007c0000000, 0x0000000800000000)
  region size 1024K, 1 young (1024K), 1 survivors (1024K)
}
Event: 10280.107 {heap Before GC invocations=52 (full 3):
 garbage-first heap   total reserved 1048576K, committed 280576K, used 246865K [0x00000007c0000000, 0x0000000800000000)
  region size 1024K, 164 young (167936K), 1 survivors (1024K)
}
Event: 10280.107 {heap After GC invocations=53 (full 3):
 garbage-first heap   total reserved 1048576K, committed 280576K, used 79959K [0x00000007c0000000, 0x0000000800000000)
  region size 1024K, 1 young (1024K), 1 survivors (1024K)
}
Event: 10370.441 {heap Before GC invocations=53 (full 3):
 garbage-first heap   total reserved 1048576K, committed 280576K, used 246871K [0x00000007c0000000, 0x0000000800000000)
  region size 1024K, 164 young (167936K), 1 survivors (1024K)
}
Event: 10370.442 {heap After GC invocations=54 (full 3):
 garbage-first heap   total reserved 1048576K, committed 280576K, used 80439K [0x00000007c0000000, 0x0000000800000000)
  region size 1024K, 1 young (1024K), 1 survivors (1024K)
}
Event: 10528.571 {heap Before GC invocations=54 (full 3):
 garbage-first heap   total reserved 1048576K, committed 280576K, used 247351K [0x00000007c0000000, 0x0000000800000000)
  region size 1024K, 164 young (167936K), 1 survivors (1024K)
}
Event: 10528.571 {heap After GC invocations=55 (full 3):
 garbage-first heap   total reserved 1048576K, committed 280576K, used 79999K [0x00000007c0000000, 0x0000000800000000)
  region size 1024K, 1 young (1024K), 1 survivors (1024K)
}
Event: 10819.072 {heap Before GC invocations=55 (full 3):
 garbage-first heap   total reserved 1048576K, committed 280576K, used 246911K [0x00000007c0000000, 0x0000000800000000)
  region size 1024K, 164 young (167936K), 1 survivors (1024K)
}
Event: 10819.072 {heap After GC invocations=56 (full 3):
 garbage-first heap   total reserved 1048576K, committed 280576K, used 79959K [0x00000007c0000000, 0x0000000800000000)
  region size 1024K, 1 young (1024K), 1 survivors (1024K)
}
Event: 11037.367 {heap Before GC invocations=56 (full 3):
 garbage-first heap   total reserved 1048576K, committed 280576K, used 246871K [0x00000007c0000000, 0x0000000800000000)
  region size 1024K, 164 young (167936K), 1 survivors (1024K)
}
Event: 11037.368 {heap After GC invocations=57 (full 3):
 garbage-first heap   total reserved 1048576K, committed 280576K, used 79949K [0x00000007c0000000, 0x0000000800000000)
  region size 1024K, 1 young (1024K), 1 survivors (1024K)
}
Event: 12968.169 {heap Before GC invocations=57 (full 3):
 garbage-first heap   total reserved 1048576K, committed 280576K, used 246861K [0x00000007c0000000, 0x0000000800000000)
  region size 1024K, 164 young (167936K), 1 survivors (1024K)
}
Event: 12968.169 {heap After GC invocations=58 (full 3):
 garbage-first heap   total reserved 1048576K, committed 280576K, used 79981K [0x00000007c0000000, 0x0000000800000000)
  region size 1024K, 1 young (1024K), 1 survivors (1024K)
}

